[INFO][test_login1][2016-06-20 11:53:56,320]=================username======================
[INFO][test_login1][2016-06-20 11:53:56,322]     
[INFO][test_login1][2016-06-20 11:53:56,322]==================password=============================
[INFO][test_login1][2016-06-20 11:53:56,323]123456
[INFO][user_login_verity][2016-06-20 11:53:56,323]user_login_verity username------      
[INFO][test_login1][2016-06-20 11:54:23,647]login fail      
[INFO][test_login1][2016-06-20 11:54:25,766]=================username======================
[INFO][test_login1][2016-06-20 11:54:25,767]1328515240
[INFO][test_login1][2016-06-20 11:54:25,767]==================password=============================
[INFO][test_login1][2016-06-20 11:54:25,768]     
[INFO][user_login_verity][2016-06-20 11:54:25,768]user_login_verity username------ 1328515240
[INFO][test_login1][2016-06-20 11:54:51,707]login fail 1328515240
[INFO][test_login1][2016-06-20 11:54:53,560]=================username======================
[INFO][test_login1][2016-06-20 11:54:53,561]13285152146
[INFO][test_login1][2016-06-20 11:54:53,561]==================password=============================
[INFO][test_login1][2016-06-20 11:54:53,561]123456
[INFO][user_login_verity][2016-06-20 11:54:53,562]user_login_verity username------ 13285152146
[INFO][test_login1][2016-06-20 11:55:20,849]login fail 13285152146
[INFO][test_login1][2016-06-20 11:55:22,627]=================username======================
[INFO][test_login1][2016-06-20 11:55:22,628]13285152140
[INFO][test_login1][2016-06-20 11:55:22,628]==================password=============================
[INFO][test_login1][2016-06-20 11:55:22,628]123458
[INFO][user_login_verity][2016-06-20 11:55:22,629]user_login_verity username------ 13285152140
[INFO][test_login1][2016-06-20 11:55:49,296]login fail 13285152140
[INFO][test_login1][2016-06-20 11:55:51,062]=================username======================
[INFO][test_login1][2016-06-20 11:55:51,063]13285152140
[INFO][test_login1][2016-06-20 11:55:51,063]==================password=============================
[INFO][test_login1][2016-06-20 11:55:51,064]123456
[INFO][user_login_verity][2016-06-20 11:55:51,064]user_login_verity username------ 13285152140
[INFO][test_login1][2016-06-20 11:56:31,575]login fail 13285152140
[INFO][test_login1][2016-06-20 14:19:43,058]=================username======================
[INFO][test_login1][2016-06-20 14:19:43,059]     
[INFO][test_login1][2016-06-20 14:19:43,059]==================password=============================
[INFO][test_login1][2016-06-20 14:19:43,059]123456
[INFO][user_login_verity][2016-06-20 14:19:43,060]user_login_verity username------      
[INFO][test_login1][2016-06-20 14:20:11,090]login fail      
[INFO][test_login1][2016-06-20 14:20:12,790]=================username======================
[INFO][test_login1][2016-06-20 14:20:12,790]1328515240
[INFO][test_login1][2016-06-20 14:20:12,791]==================password=============================
[INFO][test_login1][2016-06-20 14:20:12,791]     
[INFO][user_login_verity][2016-06-20 14:20:12,792]user_login_verity username------ 1328515240
[INFO][test_login1][2016-06-20 14:20:45,753]login fail 1328515240
[INFO][test_login1][2016-06-20 14:20:47,459]=================username======================
[INFO][test_login1][2016-06-20 14:20:47,459]13285152146
[INFO][test_login1][2016-06-20 14:20:47,460]==================password=============================
[INFO][test_login1][2016-06-20 14:20:47,460]123456
[INFO][user_login_verity][2016-06-20 14:20:47,460]user_login_verity username------ 13285152146
[INFO][test_login1][2016-06-20 14:21:20,679]login fail 13285152146
[INFO][test_login1][2016-06-20 14:21:22,439]=================username======================
[INFO][test_login1][2016-06-20 14:21:22,440]13285152140
[INFO][test_login1][2016-06-20 14:21:22,440]==================password=============================
[INFO][test_login1][2016-06-20 14:21:22,441]123458
[INFO][user_login_verity][2016-06-20 14:21:22,441]user_login_verity username------ 13285152140
[INFO][test_login1][2016-06-20 14:21:56,843]login fail 13285152140
[INFO][test_login1][2016-06-20 14:21:58,562]=================username======================
[INFO][test_login1][2016-06-20 14:21:58,563]13285152140
[INFO][test_login1][2016-06-20 14:21:58,563]==================password=============================
[INFO][test_login1][2016-06-20 14:21:58,564]123456
[INFO][user_login_verity][2016-06-20 14:21:58,564]user_login_verity username------ 13285152140
[INFO][test_login1][2016-06-20 14:22:39,837]login fail 13285152140
[INFO][test_login1][2016-06-20 14:56:44,180]=================username======================
[INFO][test_login1][2016-06-20 14:56:44,181]     
[INFO][test_login1][2016-06-20 14:56:44,181]==================password=============================
[INFO][test_login1][2016-06-20 14:56:44,182]123456
[INFO][user_login_verity][2016-06-20 14:56:44,182]user_login_verity username------      
[INFO][test_login1][2016-06-20 14:57:09,985]login fail      
[INFO][test_login1][2016-06-20 14:57:11,724]=================username======================
[INFO][test_login1][2016-06-20 14:57:11,725]1328515240
[INFO][test_login1][2016-06-20 14:57:11,725]==================password=============================
[INFO][test_login1][2016-06-20 14:57:11,726]     
[INFO][user_login_verity][2016-06-20 14:57:11,726]user_login_verity username------ 1328515240
[INFO][test_login1][2016-06-20 14:57:37,885]login fail 1328515240
[INFO][test_login1][2016-06-20 14:57:39,916]=================username======================
[INFO][test_login1][2016-06-20 14:57:39,916]13285152146
[INFO][test_login1][2016-06-20 14:57:39,916]==================password=============================
[INFO][test_login1][2016-06-20 14:57:39,916]123456
[INFO][user_login_verity][2016-06-20 14:57:39,917]user_login_verity username------ 13285152146
[INFO][test_login1][2016-06-20 14:58:06,355]login fail 13285152146
[INFO][test_login1][2016-06-20 14:58:08,082]=================username======================
[INFO][test_login1][2016-06-20 14:58:08,083]13285152140
[INFO][test_login1][2016-06-20 14:58:08,083]==================password=============================
[INFO][test_login1][2016-06-20 14:58:08,083]123458
[INFO][user_login_verity][2016-06-20 14:58:08,084]user_login_verity username------ 13285152140
[INFO][test_login1][2016-06-20 15:01:31,170]=================username======================
[INFO][test_login1][2016-06-20 15:01:31,171]     
[INFO][test_login1][2016-06-20 15:01:31,172]==================password=============================
[INFO][test_login1][2016-06-20 15:01:31,172]123456
[INFO][user_login_verity][2016-06-20 15:01:31,172]user_login_verity username------      
[INFO][test_login1][2016-06-20 15:01:56,657]login fail      
[INFO][test_login1][2016-06-20 15:01:58,474]=================username======================
[INFO][test_login1][2016-06-20 15:01:58,475]1328515240
[INFO][test_login1][2016-06-20 15:01:58,475]==================password=============================
[INFO][test_login1][2016-06-20 15:01:58,476]     
[INFO][user_login_verity][2016-06-20 15:01:58,476]user_login_verity username------ 1328515240
[INFO][test_login1][2016-06-20 15:02:24,541]login fail 1328515240
[INFO][test_login1][2016-06-20 15:02:26,373]=================username======================
[INFO][test_login1][2016-06-20 15:02:26,374]13285152146
[INFO][test_login1][2016-06-20 15:02:26,374]==================password=============================
[INFO][test_login1][2016-06-20 15:02:26,374]123456
[INFO][user_login_verity][2016-06-20 15:02:26,375]user_login_verity username------ 13285152146
[INFO][test_login1][2016-06-20 15:02:58,623]login fail 13285152146
[INFO][test_login1][2016-06-20 15:03:00,346]=================username======================
[INFO][test_login1][2016-06-20 15:03:00,347]13285152140
[INFO][test_login1][2016-06-20 15:03:00,347]==================password=============================
[INFO][test_login1][2016-06-20 15:03:00,347]123458
[INFO][user_login_verity][2016-06-20 15:03:00,348]user_login_verity username------ 13285152140
[INFO][test_login1][2016-06-20 15:03:31,610]login fail 13285152140
[INFO][test_login1][2016-06-20 15:03:33,442]=================username======================
[INFO][test_login1][2016-06-20 15:03:33,443]13285152140
[INFO][test_login1][2016-06-20 15:03:33,443]==================password=============================
[INFO][test_login1][2016-06-20 15:03:33,443]123456
[INFO][user_login_verity][2016-06-20 15:03:33,444]user_login_verity username------ 13285152140
[INFO][test_login1][2016-06-20 15:04:15,190]login fail 13285152140
[INFO][test_login1][2016-06-20 15:07:49,255]=================username======================
[INFO][test_login1][2016-06-20 15:07:49,255]     
[INFO][test_login1][2016-06-20 15:07:49,256]==================password=============================
[INFO][test_login1][2016-06-20 15:07:49,256]123456
[INFO][user_login_verity][2016-06-20 15:07:49,256]user_login_verity username------      
[INFO][test_login1][2016-06-20 15:08:16,525]login fail      
[INFO][test_login1][2016-06-20 15:08:18,222]=================username======================
[INFO][test_login1][2016-06-20 15:08:18,223]1328515240
[INFO][test_login1][2016-06-20 15:08:18,223]==================password=============================
[INFO][test_login1][2016-06-20 15:08:18,224]     
[INFO][user_login_verity][2016-06-20 15:08:18,224]user_login_verity username------ 1328515240
[INFO][test_login1][2016-06-20 15:08:44,573]login fail 1328515240
[INFO][test_login1][2016-06-20 15:08:46,388]=================username======================
[INFO][test_login1][2016-06-20 15:08:46,389]13285152146
[INFO][test_login1][2016-06-20 15:08:46,389]==================password=============================
[INFO][test_login1][2016-06-20 15:08:46,390]123456
[INFO][user_login_verity][2016-06-20 15:08:46,390]user_login_verity username------ 13285152146
[INFO][test_login1][2016-06-20 15:09:13,132]login fail 13285152146
[INFO][test_login1][2016-06-20 15:09:14,967]=================username======================
[INFO][test_login1][2016-06-20 15:09:14,968]13285152140
[INFO][test_login1][2016-06-20 15:09:14,968]==================password=============================
[INFO][test_login1][2016-06-20 15:09:14,969]123458
[INFO][user_login_verity][2016-06-20 15:09:14,969]user_login_verity username------ 13285152140
[INFO][test_login1][2016-06-20 15:09:48,116]login fail 13285152140
[INFO][test_login1][2016-06-20 15:09:49,869]=================username======================
[INFO][test_login1][2016-06-20 15:09:49,869]13285152140
[INFO][test_login1][2016-06-20 15:09:49,870]==================password=============================
[INFO][test_login1][2016-06-20 15:09:49,870]123456
[INFO][user_login_verity][2016-06-20 15:09:49,870]user_login_verity username------ 13285152140
[INFO][test_login1][2016-06-20 15:10:34,608]login fail 13285152140
[INFO][test_login1][2016-06-20 15:14:48,511]=================username======================
[INFO][test_login1][2016-06-20 15:14:48,512]     
[INFO][test_login1][2016-06-20 15:14:48,514]==================password=============================
[INFO][test_login1][2016-06-20 15:14:48,514]123456
[INFO][user_login_verity][2016-06-20 15:14:48,515]user_login_verity username------      
[INFO][test_login1][2016-06-20 15:15:16,115]login fail      
[INFO][test_login1][2016-06-20 15:15:17,909]=================username======================
[INFO][test_login1][2016-06-20 15:15:17,909]1328515240
[INFO][test_login1][2016-06-20 15:15:17,910]==================password=============================
[INFO][test_login1][2016-06-20 15:15:17,910]     
[INFO][user_login_verity][2016-06-20 15:15:17,910]user_login_verity username------ 1328515240
[INFO][test_login1][2016-06-20 15:15:44,113]login fail 1328515240
[INFO][test_login1][2016-06-20 15:15:45,876]=================username======================
[INFO][test_login1][2016-06-20 15:15:45,877]13285152146
[INFO][test_login1][2016-06-20 15:15:45,877]==================password=============================
[INFO][test_login1][2016-06-20 15:15:45,878]123456
[INFO][user_login_verity][2016-06-20 15:15:45,878]user_login_verity username------ 13285152146
[INFO][test_login1][2016-06-20 15:16:12,349]login fail 13285152146
[INFO][test_login1][2016-06-20 15:16:14,092]=================username======================
[INFO][test_login1][2016-06-20 15:16:14,092]13285152140
[INFO][test_login1][2016-06-20 15:16:14,093]==================password=============================
[INFO][test_login1][2016-06-20 15:16:14,093]123458
[INFO][user_login_verity][2016-06-20 15:16:14,093]user_login_verity username------ 13285152140
[INFO][test_login1][2016-06-20 15:16:45,276]login fail 13285152140
[INFO][test_login1][2016-06-20 15:16:47,070]=================username======================
[INFO][test_login1][2016-06-20 15:16:47,071]13285152140
[INFO][test_login1][2016-06-20 15:16:47,072]==================password=============================
[INFO][test_login1][2016-06-20 15:16:47,072]123456
[INFO][user_login_verity][2016-06-20 15:16:47,072]user_login_verity username------ 13285152140
[INFO][test_login1][2016-06-20 15:17:29,781]login fail 13285152140
[INFO][test_login1][2016-06-20 15:35:03,696]=================username======================
[INFO][test_login1][2016-06-20 15:35:03,697]     
[INFO][test_login1][2016-06-20 15:35:03,697]==================password=============================
[INFO][test_login1][2016-06-20 15:35:03,698]123456
[INFO][user_login_verity][2016-06-20 15:35:03,698]user_login_verity username------      
[INFO][test_login1][2016-06-20 15:35:31,831]login fail      
[INFO][test_login1][2016-06-20 15:35:33,543]=================username======================
[INFO][test_login1][2016-06-20 15:35:33,544]1328515240
[INFO][test_login1][2016-06-20 15:35:33,544]==================password=============================
[INFO][test_login1][2016-06-20 15:35:33,545]     
[INFO][user_login_verity][2016-06-20 15:35:33,546]user_login_verity username------ 1328515240
[INFO][test_login1][2016-06-20 15:36:05,941]login fail 1328515240
[INFO][test_login1][2016-06-20 15:36:07,714]=================username======================
[INFO][test_login1][2016-06-20 15:36:07,714]13285152146
[INFO][test_login1][2016-06-20 15:36:07,714]==================password=============================
[INFO][test_login1][2016-06-20 15:36:07,715]123456
[INFO][user_login_verity][2016-06-20 15:36:07,715]user_login_verity username------ 13285152146
[INFO][test_login1][2016-06-20 15:36:34,107]login fail 13285152146
[INFO][test_login1][2016-06-20 15:36:36,004]=================username======================
[INFO][test_login1][2016-06-20 15:36:36,004]13285152140
[INFO][test_login1][2016-06-20 15:36:36,005]==================password=============================
[INFO][test_login1][2016-06-20 15:36:36,005]123458
[INFO][user_login_verity][2016-06-20 15:36:36,005]user_login_verity username------ 13285152140
[INFO][test_login1][2016-06-20 15:37:09,782]login fail 13285152140
[INFO][test_login1][2016-06-20 15:37:11,513]=================username======================
[INFO][test_login1][2016-06-20 15:37:11,513]13285152140
[INFO][test_login1][2016-06-20 15:37:11,514]==================password=============================
[INFO][test_login1][2016-06-20 15:37:11,514]123456
[INFO][user_login_verity][2016-06-20 15:37:11,514]user_login_verity username------ 13285152140
[INFO][test_login1][2016-06-20 15:37:56,160]login fail 13285152140
